<?xml version="1.0" encoding="UTF-8"?>
<!-- Generated by org.testng.reporters.JUnitXMLReporter -->
<testsuite hostname="DESKTOP-1QL8QRP" name="Test" tests="3" failures="0" timestamp="31 Aug 2017 11:29:15 GMT" time="67.572" errors="0">
  <testcase name="CreateNewPostscriptExecution" time="18.2" classname="Com.CrossoverTech.BusinessScripts.CrossoverTechCreateNewPostTestcases"/>
  <testcase name="EditPostscriptExecution" time="21.714" classname="Com.CrossoverTech.BusinessScripts.CrossoverTechEditPostTestcases"/>
  <testcase name="DeletePostscriptExecution" time="14.827" classname="Com.CrossoverTech.BusinessScripts.CrossoverTechDeleteTestcases"/>
</testsuite> <!-- Test -->
