<?xml version="1.0" encoding="UTF-8"?>
<testng-results skipped="0" failed="1" ignored="2" total="4" passed="1">
  <reporter-output>
    <line>
      <![CDATA[Url Entered]]>
    </line>
    <line>
      <![CDATA[Email entered]]>
    </line>
    <line>
      <![CDATA[Password entered]]>
    </line>
    <line>
      <![CDATA[Clicked on SignIn Button]]>
    </line>
    <line>
      <![CDATA[Clicked on Post]]>
    </line>
    <line>
      <![CDATA[Enter post title]]>
    </line>
    <line>
      <![CDATA[Post Description given]]>
    </line>
    <line>
      <![CDATA[ Image Added to post]]>
    </line>
    <line>
      <![CDATA[Settings Menu Dropdown clicked]]>
    </line>
    <line>
      <![CDATA[Click on Publish]]>
    </line>
    <line>
      <![CDATA[Click on Publish Now]]>
    </line>
    <line>
      <![CDATA[Click on Content Tab]]>
    </line>
    <line>
      <![CDATA[Clicked on Content Tab]]>
    </line>
    <line>
      <![CDATA[Click on Edit Post]]>
    </line>
    <line>
      <![CDATA[Post Title is Edited]]>
    </line>
    <line>
      <![CDATA[Click on Content to Edit Post]]>
    </line>
    <line>
      <![CDATA[Click on image to Edit Post]]>
    </line>
  </reporter-output>
  <suite name="Suite" duration-ms="53269" started-at="2017-08-31T11:11:09Z" finished-at="2017-08-31T11:12:02Z">
    <groups>
    </groups>
    <test name="Test" duration-ms="53269" started-at="2017-08-31T11:11:09Z" finished-at="2017-08-31T11:12:02Z">
      <class name="Com.CrossoverTech.BusinessScripts.CrossoverTechCreateNewPostTestcases">
        <test-method status="PASS" signature="setup(java.lang.String)[pri:0, instance:Com.CrossoverTech.BusinessScripts.CrossoverTechCreateNewPostTestcases@1e88b3c]" name="setup" is-config="true" duration-ms="12773" started-at="2017-08-31T16:41:09Z" finished-at="2017-08-31T16:41:22Z">
          <params>
            <param index="0">
              <value>
                <![CDATA[chrome]]>
              </value>
            </param>
          </params>
          <reporter-output>
            <line>
              <![CDATA[Url Entered]]>
            </line>
            <line>
              <![CDATA[Email entered]]>
            </line>
            <line>
              <![CDATA[Password entered]]>
            </line>
            <line>
              <![CDATA[Clicked on SignIn Button]]>
            </line>
          </reporter-output>
        </test-method> <!-- setup -->
        <test-method status="PASS" signature="CreateNewPostscriptExecution()[pri:0, instance:Com.CrossoverTech.BusinessScripts.CrossoverTechCreateNewPostTestcases@1e88b3c]" name="CreateNewPostscriptExecution" duration-ms="18209" started-at="2017-08-31T16:41:22Z" finished-at="2017-08-31T16:41:40Z">
          <reporter-output>
            <line>
              <![CDATA[Clicked on Post]]>
            </line>
            <line>
              <![CDATA[Enter post title]]>
            </line>
            <line>
              <![CDATA[Post Description given]]>
            </line>
            <line>
              <![CDATA[ Image Added to post]]>
            </line>
            <line>
              <![CDATA[Settings Menu Dropdown clicked]]>
            </line>
            <line>
              <![CDATA[Click on Publish]]>
            </line>
            <line>
              <![CDATA[Click on Publish Now]]>
            </line>
            <line>
              <![CDATA[Click on Content Tab]]>
            </line>
          </reporter-output>
        </test-method> <!-- CreateNewPostscriptExecution -->
        <test-method status="PASS" signature="destroy()[pri:0, instance:Com.CrossoverTech.BusinessScripts.CrossoverTechCreateNewPostTestcases@1e88b3c]" name="destroy" is-config="true" duration-ms="1040" started-at="2017-08-31T16:42:01Z" finished-at="2017-08-31T16:42:02Z">
          <reporter-output>
          </reporter-output>
        </test-method> <!-- destroy -->
      </class> <!-- Com.CrossoverTech.BusinessScripts.CrossoverTechCreateNewPostTestcases -->
      <class name="Com.CrossoverTech.BusinessScripts.CrossoverTechEditPostTestcases">
        <test-method status="FAIL" signature="EditPostscriptExecution()[pri:1, instance:Com.CrossoverTech.BusinessScripts.CrossoverTechEditPostTestcases@42d80b78]" name="EditPostscriptExecution" duration-ms="21212" started-at="2017-08-31T16:41:40Z" finished-at="2017-08-31T16:42:01Z">
          <exception class="org.openqa.selenium.WebDriverException">
            <message>
              <![CDATA[chrome not reachable
  (Session info: chrome=60.0.3112.113)
  (Driver info: chromedriver=2.30.477700 (0057494ad8732195794a7b32078424f92a5fce41),platform=Windows NT 10.0.10586 x86_64) (WARNING: The server did not provide any stacktrace information)
Command duration or timeout: 4.01 seconds
Build info: version: '2.45.0', revision: '5017cb8e7ca8e37638dc3091b2440b90a1d8686f', time: '2015-02-27 09:10:26'
System info: host: 'DESKTOP-1QL8QRP', ip: '10.91.90.116', os.name: 'Windows 10', os.arch: 'amd64', os.version: '10.0', java.version: '1.8.0_144'
Driver info: org.openqa.selenium.chrome.ChromeDriver
Capabilities [{applicationCacheEnabled=false, rotatable=false, mobileEmulationEnabled=false, networkConnectionEnabled=false, chrome={chromedriverVersion=2.30.477700 (0057494ad8732195794a7b32078424f92a5fce41), userDataDir=C:\Users\Admin-it\AppData\Local\Temp\scoped_dir6428_24362}, takesHeapSnapshot=true, pageLoadStrategy=normal, databaseEnabled=false, handlesAlerts=true, hasTouchScreen=false, version=60.0.3112.113, platform=XP, browserConnectionEnabled=false, nativeEvents=true, acceptSslCerts=true, locationContextEnabled=true, webStorageEnabled=true, browserName=chrome, takesScreenshot=true, javascriptEnabled=true, cssSelectorsEnabled=true, unexpectedAlertBehaviour=}]
Session ID: 4f8bd92bfb9c11b6174f20b31123cc86
*** Element info: {Using=xpath, value=.//*[@class='ember-view splitbtn js-publish-splitbutton']/button[2]}]]>
            </message>
            <full-stacktrace>
              <![CDATA[org.openqa.selenium.WebDriverException: chrome not reachable
  (Session info: chrome=60.0.3112.113)
  (Driver info: chromedriver=2.30.477700 (0057494ad8732195794a7b32078424f92a5fce41),platform=Windows NT 10.0.10586 x86_64) (WARNING: The server did not provide any stacktrace information)
Command duration or timeout: 4.01 seconds
Build info: version: '2.45.0', revision: '5017cb8e7ca8e37638dc3091b2440b90a1d8686f', time: '2015-02-27 09:10:26'
System info: host: 'DESKTOP-1QL8QRP', ip: '10.91.90.116', os.name: 'Windows 10', os.arch: 'amd64', os.version: '10.0', java.version: '1.8.0_144'
Driver info: org.openqa.selenium.chrome.ChromeDriver
Capabilities [{applicationCacheEnabled=false, rotatable=false, mobileEmulationEnabled=false, networkConnectionEnabled=false, chrome={chromedriverVersion=2.30.477700 (0057494ad8732195794a7b32078424f92a5fce41), userDataDir=C:\Users\Admin-it\AppData\Local\Temp\scoped_dir6428_24362}, takesHeapSnapshot=true, pageLoadStrategy=normal, databaseEnabled=false, handlesAlerts=true, hasTouchScreen=false, version=60.0.3112.113, platform=XP, browserConnectionEnabled=false, nativeEvents=true, acceptSslCerts=true, locationContextEnabled=true, webStorageEnabled=true, browserName=chrome, takesScreenshot=true, javascriptEnabled=true, cssSelectorsEnabled=true, unexpectedAlertBehaviour=}]
Session ID: 4f8bd92bfb9c11b6174f20b31123cc86
*** Element info: {Using=xpath, value=.//*[@class='ember-view splitbtn js-publish-splitbutton']/button[2]}
	at sun.reflect.NativeConstructorAccessorImpl.newInstance0(Native Method)
	at sun.reflect.NativeConstructorAccessorImpl.newInstance(Unknown Source)
	at sun.reflect.DelegatingConstructorAccessorImpl.newInstance(Unknown Source)
	at java.lang.reflect.Constructor.newInstance(Unknown Source)
	at org.openqa.selenium.remote.ErrorHandler.createThrowable(ErrorHandler.java:204)
	at org.openqa.selenium.remote.ErrorHandler.throwIfResponseFailed(ErrorHandler.java:156)
	at org.openqa.selenium.remote.RemoteWebDriver.execute(RemoteWebDriver.java:599)
	at org.openqa.selenium.remote.RemoteWebDriver.findElement(RemoteWebDriver.java:352)
	at org.openqa.selenium.remote.RemoteWebDriver.findElementByXPath(RemoteWebDriver.java:449)
	at org.openqa.selenium.By$ByXPath.findElement(By.java:357)
	at org.openqa.selenium.remote.RemoteWebDriver.findElement(RemoteWebDriver.java:344)
	at Com.CrossoverTechTrial.PageObjects.CrossoverTechTrialContentPage.clickSettingsMenuDropdown(CrossoverTechTrialContentPage.java:91)
	at Com.CrossoverTech.BusinessScripts.CrossoverTechEditPostTestcases.EditPostscriptExecution(CrossoverTechEditPostTestcases.java:38)
	at sun.reflect.NativeMethodAccessorImpl.invoke0(Native Method)
	at sun.reflect.NativeMethodAccessorImpl.invoke(Unknown Source)
	at sun.reflect.DelegatingMethodAccessorImpl.invoke(Unknown Source)
	at java.lang.reflect.Method.invoke(Unknown Source)
	at org.testng.internal.MethodInvocationHelper.invokeMethod(MethodInvocationHelper.java:108)
	at org.testng.internal.Invoker.invokeMethod(Invoker.java:661)
	at org.testng.internal.Invoker.invokeTestMethod(Invoker.java:869)
	at org.testng.internal.Invoker.invokeTestMethods(Invoker.java:1193)
	at org.testng.internal.TestMethodWorker.invokeTestMethods(TestMethodWorker.java:126)
	at org.testng.internal.TestMethodWorker.run(TestMethodWorker.java:109)
	at org.testng.TestRunner.privateRun(TestRunner.java:744)
	at org.testng.TestRunner.run(TestRunner.java:602)
	at org.testng.SuiteRunner.runTest(SuiteRunner.java:380)
	at org.testng.SuiteRunner.runSequentially(SuiteRunner.java:375)
	at org.testng.SuiteRunner.privateRun(SuiteRunner.java:340)
	at org.testng.SuiteRunner.run(SuiteRunner.java:289)
	at org.testng.SuiteRunnerWorker.runSuite(SuiteRunnerWorker.java:52)
	at org.testng.SuiteRunnerWorker.run(SuiteRunnerWorker.java:86)
	at org.testng.TestNG.runSuitesSequentially(TestNG.java:1301)
	at org.testng.TestNG.runSuitesLocally(TestNG.java:1226)
	at org.testng.TestNG.runSuites(TestNG.java:1144)
	at org.testng.TestNG.run(TestNG.java:1115)
	at org.testng.remote.AbstractRemoteTestNG.run(AbstractRemoteTestNG.java:132)
	at org.testng.remote.RemoteTestNG.initAndRun(RemoteTestNG.java:230)
	at org.testng.remote.RemoteTestNG.main(RemoteTestNG.java:76)
]]>
            </full-stacktrace>
          </exception> <!-- org.openqa.selenium.WebDriverException -->
          <reporter-output>
            <line>
              <![CDATA[Clicked on Content Tab]]>
            </line>
            <line>
              <![CDATA[Click on Edit Post]]>
            </line>
            <line>
              <![CDATA[Post Title is Edited]]>
            </line>
            <line>
              <![CDATA[Click on Content to Edit Post]]>
            </line>
            <line>
              <![CDATA[Click on image to Edit Post]]>
            </line>
          </reporter-output>
        </test-method> <!-- EditPostscriptExecution -->
      </class> <!-- Com.CrossoverTech.BusinessScripts.CrossoverTechEditPostTestcases -->
    </test> <!-- Test -->
  </suite> <!-- Suite -->
</testng-results>
